flashing tool "mitsukernel" loaded.
flashing tool "mitsukernelocp" loaded.
flashing tool "mitsubootloader" loaded.
OpenPort Cable Connected.
262144 byte image read.
3392 byte kernel read.
sending init sequence 1 (0001)
got 0x05 response
sending init sequence 2
got 0x1B response
sending init sequence 3
entering bootloader
sending kernel size (3392)
sending kernel load address (0xFFFF8800)
uploading kernel
verifying kernel checksum response
kernel valid
kernel get version
kernel version is : OpenECU Mitsubishi SH7052 Kernel V0.21
Flashing image to ECU memory...
comparing ECU flash memory pages to image file
segment   len   ecu CRC32    img CRC32    same?
FB01 00001000   ED4A23C3     FA499AC1      NO
FB02 00001000   930C86BD     930C86BD     YES
FB03 00001000   9EBEFC12     9EBEFC12     YES
FB04 00001000   142CFC9F     142CFC9F     YES
FB05 00001000   D923C020     D923C020     YES
FB06 00001000   07492739     07492739     YES
FB07 00001000   5F510FA9     5F510FA9     YES
FB08 00001000   AF5BF200     AF5BF200     YES
FB09 00008000   0E6CB77E     0E6CB77E     YES
FB10 00010000   3EBCEA7A     3EBCEA7A     YES
FB11 00010000   0127AD4F     0127AD4F     YES
FB12 00010000   A153A12D     A153A12D     YES
kernel flash enable
09:38:26  kernel blank flash page: addr: 00000000
09:38:26  erased in 2 pulse(s)
09:38:26  kernel write flash buffer addr: 00000000 len: 00000200
09:38:26  kernel write flash buffer addr: 00000200 len: 00000200
09:38:27  kernel write flash buffer addr: 00000400 len: 00000200
09:38:27  kernel write flash buffer addr: 00000600 len: 00000200
09:38:27  kernel write flash buffer addr: 00000800 len: 00000200
09:38:27  kernel write flash buffer addr: 00000A00 len: 00000200
09:38:27  kernel write flash buffer addr: 00000C00 len: 00000200
09:38:27  kernel write flash buffer addr: 00000E00 len: 00000200
09:38:27  kernel commit flash addr: 00000000 crc32 FA499AC1
09:38:28  written in 30 pulse(s)
kernel flash disable
verifying result...
comparing ECU flash memory pages to image file
segment   len   ecu CRC32    img CRC32    same?
FB01 00001000   FA499AC1     FA499AC1     YES
FB02 00001000   930C86BD     930C86BD     YES
FB03 00001000   9EBEFC12     9EBEFC12     YES
FB04 00001000   142CFC9F     142CFC9F     YES
FB05 00001000   D923C020     D923C020     YES
FB06 00001000   07492739     07492739     YES
FB07 00001000   5F510FA9     5F510FA9     YES
FB08 00001000   AF5BF200     AF5BF200     YES
FB09 00008000   0E6CB77E     0E6CB77E     YES
FB10 00010000   3EBCEA7A     3EBCEA7A     YES
FB11 00010000   0127AD4F     0127AD4F     YES
FB12 00010000   A153A12D     A153A12D     YES
flash correct! exiting.
interface close
